-------------------------------------------------------------------------------
Test set: com.deploy.mybatis.MybatisApplicationTests
-------------------------------------------------------------------------------
Tests run: 1, Failures: 0, Errors: 1, Skipped: 0, Time elapsed: 0.03 s <<< FAILURE! - in com.deploy.mybatis.MybatisApplicationTests
com.deploy.mybatis.MybatisApplicationTests  Time elapsed: 0.03 s  <<< ERROR!
java.lang.IllegalStateException: Unable to find a @SpringBootConfiguration, you need to use @ContextConfiguration or @SpringBootTest(classes=...) with your test

