<?xml version="1.0" encoding="UTF-8"?>
<testsuite xmlns:xsi="http://www.w3.org/2001/XMLSchema-instance" xsi:noNamespaceSchemaLocation="https://maven.apache.org/surefire/maven-surefire-plugin/xsd/surefire-test-report.xsd" name="com.deploy.demo.repository.UserMapperTest" time="0.098" tests="5" errors="0" skipped="0" failures="0">
  <properties>
[...]
</properties>
  <testcase name="selectAccount" classname="com.deploy.demo.repository.UserMapperTest" time="0.03"/>
  <testcase name="updateUser" classname="com.deploy.demo.repository.UserMapperTest" time="0.019"/>
  <testcase name="save" classname="com.deploy.demo.repository.UserMapperTest" time="0.01"/>
  <testcase name="listUser" classname="com.deploy.demo.repository.UserMapperTest" time="0.01"/>
  <testcase name="findByUserId" classname="com.deploy.demo.repository.UserMapperTest" time="0.01"/>
</testsuite>